#
# There is insufficient memory for the Java Runtime Environment to continue.
# Native memory allocation (mmap) failed to map 130023424 bytes for G1 virtual space
# Possible reasons:
#   The system is out of physical RAM or swap space
#   The process is running with CompressedOops enabled, and the Java Heap may be blocking the growth of the native heap
# Possible solutions:
#   Reduce memory load on the system
#   Increase physical memory or swap space
#   Check if swap backing store is full
#   Decrease Java heap size (-Xmx/-Xms)
#   Decrease number of Java threads
#   Decrease Java thread stack sizes (-Xss)
#   Set larger code cache with -XX:ReservedCodeCacheSize=
#   JVM is running with Unscaled Compressed Oops mode in which the Java heap is
#     placed in the first 4GB address space. The Java Heap base address is the
#     maximum limit for the native heap growth. Please use -XX:HeapBaseMinAddress
#     to set the Java Heap base and to place the Java Heap above 4GB virtual address.
# This output file may be truncated or incomplete.
#
#  Out of Memory Error (os_windows.cpp:3552), pid=11204, tid=14384
#
# JRE version:  (17.0.9+11) (build )
# Java VM: Java HotSpot(TM) 64-Bit Server VM (17.0.9+11-LTS-201, mixed mode, sharing, tiered, compressed oops, compressed class ptrs, g1 gc, windows-amd64)
# No core dump will be written. Minidumps are not enabled by default on client versions of Windows
#

---------------  S U M M A R Y ------------

Command Line: jenkins.maven3.agent.Maven35Main C:\Users\User\Downloads\apache-maven-3.9.6-bin\apache-maven-3.9.6 C:\ProgramData\Jenkins\war\WEB-INF\lib\remoting-3160.vd76b_9ddd10cc.jar C:\ProgramData\Jenkins\.jenkins\plugins\maven-plugin\WEB-INF\lib\maven35-interceptor-1.14.jar C:\ProgramData\Jenkins\.jenkins\plugins\maven-plugin\WEB-INF\lib\maven3-interceptor-commons-1.14.jar 59215

Host: 11th Gen Intel(R) Core(TM) i5-1135G7 @ 2.40GHz, 8 cores, 7G,  Windows 10 , 64 bit Build 19041 (10.0.19041.3636)
Time: Tue Dec 19 12:01:56 2023 India Standard Time elapsed time: 0.036387 seconds (0d 0h 0m 0s)

---------------  T H R E A D  ---------------

Current thread (0x00000158abe0a3f0):  JavaThread "Unknown thread" [_thread_in_vm, id=14384, stack(0x0000003f64000000,0x0000003f64100000)]

Stack: [0x0000003f64000000,0x0000003f64100000]
Native frames: (J=compiled Java code, j=interpreted, Vv=VM code, C=native code)
V  [jvm.dll+0x678a4a]
V  [jvm.dll+0x7d9cfd]
V  [jvm.dll+0x7db60e]
V  [jvm.dll+0x7dbc73]
V  [jvm.dll+0x245e1f]
V  [jvm.dll+0x6758f9]
V  [jvm.dll+0x66a2a2]
V  [jvm.dll+0x303686]
V  [jvm.dll+0x30ac06]
V  [jvm.dll+0x35a48e]
V  [jvm.dll+0x35a6bf]
V  [jvm.dll+0x2da678]
V  [jvm.dll+0x2db5e4]
V  [jvm.dll+0x7ab6b1]
V  [jvm.dll+0x368041]
V  [jvm.dll+0x78a749]
V  [jvm.dll+0x3ebd4f]
V  [jvm.dll+0x3ed7d1]
C  [jli.dll+0x5297]
C  [ucrtbase.dll+0x21bb2]
C  [KERNEL32.DLL+0x17344]
C  [ntdll.dll+0x526b1]


---------------  P R O C E S S  ---------------

Threads class SMR info:
_java_thread_list=0x00007ff9d31489d8, length=0, elements={
}

Java Threads: ( => current thread )

Other Threads:
  0x00000158abe630c0 GCTaskThread "GC Thread#0" [stack: 0x0000003f64100000,0x0000003f64200000] [id=25716]
  0x00000158abe73650 ConcurrentGCThread "G1 Main Marker" [stack: 0x0000003f64200000,0x0000003f64300000] [id=15112]
  0x00000158abe74060 ConcurrentGCThread "G1 Conc#0" [stack: 0x0000003f64300000,0x0000003f64400000] [id=8092]

[error occurred during error reporting (printing all threads), id 0xc0000005, EXCEPTION_ACCESS_VIOLATION (0xc0000005) at pc=0x00007ff9d297b2d7]

VM state: not at safepoint (not fully initialized)

VM Mutex/Monitor currently owned by a thread:  ([mutex/lock_event])
[0x00000158abe037d0] Heap_lock - owner thread: 0x00000158abe0a3f0

Heap address: 0x0000000084e00000, size: 1970 MB, Compressed Oops mode: 32-bit

CDS archive(s) mapped at: [0x0000000000000000-0x0000000000000000-0x0000000000000000), size 0, SharedBaseAddress: 0x0000000800000000, ArchiveRelocationMode: 1.
Narrow klass base: 0x0000000000000000, Narrow klass shift: 0, Narrow klass range: 0x0

GC Precious Log:
<Empty>

Heap:
 garbage-first heap   total 0K, used 0K [0x0000000084e00000, 0x0000000100000000)
  region size 1024K, 0 young (0K), 0 survivors (0K)

[error occurred during error reporting (printing heap information), id 0xc0000005, EXCEPTION_ACCESS_VIOLATION (0xc0000005) at pc=0x00007ff9d2d62229]

GC Heap History (0 events):
No events

Deoptimization events (0 events):
No events

Classes unloaded (0 events):
No events

Classes redefined (0 events):
No events

Internal exceptions (0 events):
No events

VM Operations (0 events):
No events

Events (1 events):
Event: 0.022 Loaded shared library C:\Program Files\Java\jdk-17\bin\java.dll


Dynamic libraries:
0x00007ff7e9620000 - 0x00007ff7e9630000 	C:\Program Files\Java\jdk-17\bin\java.exe
0x00007ffa25610000 - 0x00007ffa25808000 	C:\Windows\SYSTEM32\ntdll.dll
0x00007ffa243a0000 - 0x00007ffa2445d000 	C:\Windows\System32\KERNEL32.DLL
0x00007ffa23070000 - 0x00007ffa23366000 	C:\Windows\System32\KERNELBASE.dll
0x00007ffa23570000 - 0x00007ffa23670000 	C:\Windows\System32\ucrtbase.dll
0x00007ffa10440000 - 0x00007ffa1045b000 	C:\Program Files\Java\jdk-17\bin\VCRUNTIME140.dll
0x00007ffa0e5b0000 - 0x00007ffa0e5c9000 	C:\Program Files\Java\jdk-17\bin\jli.dll
0x00007ffa23dc0000 - 0x00007ffa23e6f000 	C:\Windows\System32\ADVAPI32.dll
0x00007ffa24da0000 - 0x00007ffa24e3e000 	C:\Windows\System32\msvcrt.dll
0x00007ffa23ab0000 - 0x00007ffa23b4c000 	C:\Windows\System32\sechost.dll
0x00007ffa237b0000 - 0x00007ffa238d6000 	C:\Windows\System32\RPCRT4.dll
0x00007ffa23910000 - 0x00007ffa23aae000 	C:\Windows\System32\USER32.dll
0x00007ffa23420000 - 0x00007ffa23442000 	C:\Windows\System32\win32u.dll
0x00007ffa23d90000 - 0x00007ffa23dbc000 	C:\Windows\System32\GDI32.dll
0x00007ffa08a80000 - 0x00007ffa08d1a000 	C:\Windows\WinSxS\amd64_microsoft.windows.common-controls_6595b64144ccf1df_6.0.19041.3636_none_60b6a03d71f818d5\COMCTL32.dll
0x00007ffa22cf0000 - 0x00007ffa22e0a000 	C:\Windows\System32\gdi32full.dll
0x00007ffa23450000 - 0x00007ffa234ed000 	C:\Windows\System32\msvcp_win.dll
0x00007ffa184e0000 - 0x00007ffa184ea000 	C:\Windows\SYSTEM32\VERSION.dll
0x00007ffa19cf0000 - 0x00007ffa19cfc000 	C:\Program Files\Java\jdk-17\bin\vcruntime140_1.dll
0x00007ff9ef3b0000 - 0x00007ff9ef43e000 	C:\Program Files\Java\jdk-17\bin\msvcp140.dll
0x00007ff9d2690000 - 0x00007ff9d3271000 	C:\Program Files\Java\jdk-17\bin\server\jvm.dll
0x00007ffa23ed0000 - 0x00007ffa23ed8000 	C:\Windows\System32\PSAPI.DLL
0x00007ffa16500000 - 0x00007ffa16509000 	C:\Windows\SYSTEM32\WSOCK32.dll
0x00007ffa06690000 - 0x00007ffa066b7000 	C:\Windows\SYSTEM32\WINMM.dll
0x00007ffa23d20000 - 0x00007ffa23d8b000 	C:\Windows\System32\WS2_32.dll
0x00007ffa21590000 - 0x00007ffa215a2000 	C:\Windows\SYSTEM32\kernel.appcore.dll
0x00007ffa19950000 - 0x00007ffa1995a000 	C:\Program Files\Java\jdk-17\bin\jimage.dll
0x00007ffa20ac0000 - 0x00007ffa20ca4000 	C:\Windows\SYSTEM32\DBGHELP.DLL
0x00007ffa01f60000 - 0x00007ffa01f94000 	C:\Windows\SYSTEM32\dbgcore.DLL
0x00007ffa22e10000 - 0x00007ffa22e92000 	C:\Windows\System32\bcryptPrimitives.dll
0x00007ffa091a0000 - 0x00007ffa091c5000 	C:\Program Files\Java\jdk-17\bin\java.dll

dbghelp: loaded successfully - version: 4.0.5 - missing functions: none
symbol engine: initialized successfully - sym options: 0x614 - pdb path: .;C:\Program Files\Java\jdk-17\bin;C:\Windows\SYSTEM32;C:\Windows\WinSxS\amd64_microsoft.windows.common-controls_6595b64144ccf1df_6.0.19041.3636_none_60b6a03d71f818d5;C:\Program Files\Java\jdk-17\bin\server

VM Arguments:
java_command: jenkins.maven3.agent.Maven35Main C:\Users\User\Downloads\apache-maven-3.9.6-bin\apache-maven-3.9.6 C:\ProgramData\Jenkins\war\WEB-INF\lib\remoting-3160.vd76b_9ddd10cc.jar C:\ProgramData\Jenkins\.jenkins\plugins\maven-plugin\WEB-INF\lib\maven35-interceptor-1.14.jar C:\ProgramData\Jenkins\.jenkins\plugins\maven-plugin\WEB-INF\lib\maven3-interceptor-commons-1.14.jar 59215
java_class_path (initial): C:\ProgramData\Jenkins\.jenkins\plugins\maven-plugin\WEB-INF\lib\maven35-agent-1.14.jar;C:\Users\User\Downloads\apache-maven-3.9.6-bin\apache-maven-3.9.6\boot\plexus-classworlds-2.7.0.jar;C:\Users\User\Downloads\apache-maven-3.9.6-bin\apache-maven-3.9.6/conf/logging
Launcher Type: SUN_STANDARD

[Global flags]
     intx CICompilerCount                          = 4                                         {product} {ergonomic}
     uint ConcGCThreads                            = 2                                         {product} {ergonomic}
     uint G1ConcRefinementThreads                  = 8                                         {product} {ergonomic}
   size_t G1HeapRegionSize                         = 1048576                                   {product} {ergonomic}
    uintx GCDrainStackTargetSize                   = 64                                        {product} {ergonomic}
   size_t InitialHeapSize                          = 130023424                                 {product} {ergonomic}
   size_t MarkStackSize                            = 4194304                                   {product} {ergonomic}
   size_t MaxHeapSize                              = 2065694720                                {product} {ergonomic}
   size_t MinHeapDeltaBytes                        = 1048576                                   {product} {ergonomic}
   size_t MinHeapSize                              = 8388608                                   {product} {ergonomic}
    uintx NonNMethodCodeHeapSize                   = 5839372                                {pd product} {ergonomic}
    uintx NonProfiledCodeHeapSize                  = 122909434                              {pd product} {ergonomic}
    uintx ProfiledCodeHeapSize                     = 122909434                              {pd product} {ergonomic}
    uintx ReservedCodeCacheSize                    = 251658240                              {pd product} {ergonomic}
     bool SegmentedCodeCache                       = true                                      {product} {ergonomic}
   size_t SoftMaxHeapSize                          = 2065694720                             {manageable} {ergonomic}
     bool UseCompressedClassPointers               = true                           {product lp64_product} {ergonomic}
     bool UseCompressedOops                        = true                           {product lp64_product} {ergonomic}
     bool UseG1GC                                  = true                                      {product} {ergonomic}
     bool UseLargePagesIndividualAllocation        = false                                  {pd product} {ergonomic}

Logging:
Log output configuration:
 #0: stdout all=warning uptime,level,tags
 #1: stderr all=off uptime,level,tags

Environment Variables:
JAVA_HOME=C:\Program Files\Java\jdk-17
PATH=C:\Users\User\Downloads\apache-maven-3.9.6-bin\apache-maven-3.9.6/bin;C:\Program Files\Java\jdk-17/bin;C:\Program Files\Java\jdk-17/bin;C:\Program Files\Common Files\Oracle\Java\javapath;C:\Windows\system32;C:\Windows;C:\Windows\System32\Wbem;C:\Windows\System32\WindowsPowerShell\v1.0\;C:\Windows\System32\OpenSSH\;C:\Users\User\AppData\Roaming\fire-flink-client\JDK\jdk-11;C:\Users\User\AppData\Local\Android\Sdk;C:\Users\User\AppData\Local\Android\Sdk\tools\lib\x86_64;C:\Users\User\AppData\Local\Android\Sdk\platform-tools;C:\Users\User\Downloads\apache-maven-3.9.6-bin\apache-maven-3.9.6\bin;C:\Windows\system32\config\systemprofile\AppData\Local\Microsoft\WindowsApps
USERNAME=TYSS-DEEKSHA-M$
OS=Windows_NT
PROCESSOR_IDENTIFIER=Intel64 Family 6 Model 140 Stepping 1, GenuineIntel



---------------  S Y S T E M  ---------------

OS:
 Windows 10 , 64 bit Build 19041 (10.0.19041.3636)
OS uptime: 4 days 17:56 hours

CPU: total 8 (initial active 8) (4 cores per cpu, 2 threads per core) family 6 model 140 stepping 1 microcode 0xac, cx8, cmov, fxsr, ht, mmx, 3dnowpref, sse, sse2, sse3, ssse3, sse4.1, sse4.2, popcnt, lzcnt, tsc, tscinvbit, avx, avx2, aes, erms, clmul, bmi1, bmi2, adx, avx512f, avx512dq, avx512cd, avx512bw, avx512vl, sha, fma, vzeroupper, avx512_vpopcntdq, avx512_vpclmulqdq, avx512_vaes, avx512_vnni, clflush, clflushopt, clwb, avx512_vbmi2, avx512_vbmi

Memory: 4k page, system-wide physical 7872M (487M free)
TotalPageFile size 32448M (AvailPageFile size 93M)
current process WorkingSet (physical memory assigned to process): 10M, peak: 10M
current process commit charge ("private bytes"): 60M, peak: 184M

vm_info: Java HotSpot(TM) 64-Bit Server VM (17.0.9+11-LTS-201) for windows-amd64 JRE (17.0.9+11-LTS-201), built on Oct 10 2023 23:16:06 by "mach5one" with MS VC++ 17.1 (VS2022)

END.
